<?xml version="1.0" encoding="UTF-8"?>
<robot generator="Robot 5.0.1 (Python 3.10.6 on darwin)" generated="20230505 15:23:58.344" rpa="true" schemaversion="3">
<suite id="s1" name="sendUI" source="/Users/o_vy.p/Desktop/Gmail_Manual/sendUI.robot">
<test id="s1-t1" name="TC01 - UI Test Send Gmail" line="14">
<kw name="Attach Chrome Browser" library="RPA.Browser.Selenium">
<arg>9222</arg>
<doc>Attach to an existing instance of Chrome or Chromium.</doc>
<msg timestamp="20230505 15:23:58.619" level="INFO">Creating an instance of the Chrome WebDriver.</msg>
<msg timestamp="20230505 15:23:58.627" level="INFO">====== WebDriver manager ======</msg>
<msg timestamp="20230505 15:23:58.771" level="INFO">Downloaded webdriver to: /Users/o_vy.p/.robocorp/webdrivers/.wdm/drivers/chromedriver/mac_arm64/113.0.5672.63/chromedriver</msg>
<msg timestamp="20230505 15:23:58.772" level="INFO">Creating an instance of the Chrome WebDriver.</msg>
<status status="PASS" starttime="20230505 15:23:58.618" endtime="20230505 15:23:59.334"/>
</kw>
<kw name="Go To" library="RPA.Browser.Selenium">
<arg>${url}</arg>
<doc>Navigates the current browser window to the provided ``url``.</doc>
<msg timestamp="20230505 15:23:59.336" level="INFO">Opening url 'https://mail.google.com/'</msg>
<status status="PASS" starttime="20230505 15:23:59.335" endtime="20230505 15:24:02.522"/>
</kw>
<kw name="Maximize Browser Window" library="RPA.Browser.Selenium">
<doc>Maximizes current browser window.</doc>
<status status="PASS" starttime="20230505 15:24:02.523" endtime="20230505 15:24:02.525"/>
</kw>
<kw name="Set Selenium Speed" library="RPA.Browser.Selenium">
<arg>${second}</arg>
<doc>Sets the delay that is waited after each Selenium command.</doc>
<status status="PASS" starttime="20230505 15:24:02.525" endtime="20230505 15:24:02.526"/>
</kw>
<kw name="Sleep" library="BuiltIn">
<arg>3s</arg>
<doc>Pauses the test executed for the given time.</doc>
<msg timestamp="20230505 15:24:05.528" level="INFO">Slept 3 seconds</msg>
<status status="PASS" starttime="20230505 15:24:02.526" endtime="20230505 15:24:05.529"/>
</kw>
<kw name="Click Element" library="RPA.Browser.Selenium">
<arg>//div[@class='T-I T-I-KE L3']</arg>
<doc>Click the element identified by ``locator``.</doc>
<msg timestamp="20230505 15:24:05.531" level="INFO">Clicking element '//div[@class='T-I T-I-KE L3']'.</msg>
<status status="PASS" starttime="20230505 15:24:05.530" endtime="20230505 15:24:06.754"/>
</kw>
<kw name="Input Text" library="RPA.Browser.Selenium">
<arg>//input[@class='agP aFw']</arg>
<arg>${receiver}</arg>
<doc>Types the given ``text`` into the text field identified by ``locator``.</doc>
<msg timestamp="20230505 15:24:06.755" level="INFO">Typing text 'hieuvyp33@gmail.com' into text field '//input[@class='agP aFw']'.</msg>
<status status="PASS" starttime="20230505 15:24:06.754" endtime="20230505 15:24:08.524"/>
</kw>
<kw name="Input Text" library="RPA.Browser.Selenium">
<arg>//input[@name='subjectbox']</arg>
<arg>${title}</arg>
<doc>Types the given ``text`` into the text field identified by ``locator``.</doc>
<msg timestamp="20230505 15:24:08.525" level="INFO">Typing text 'Test automation robot framework' into text field '//input[@name='subjectbox']'.</msg>
<status status="PASS" starttime="20230505 15:24:08.525" endtime="20230505 15:24:10.210"/>
</kw>
<kw name="Input Text" library="RPA.Browser.Selenium">
<arg>//div[@class='Am Al editable LW-avf tS-tW']</arg>
<arg>${content}</arg>
<doc>Types the given ``text`` into the text field identified by ``locator``.</doc>
<msg timestamp="20230505 15:24:10.211" level="INFO">Typing text 'This is an email generated by Robot' into text field '//div[@class='Am Al editable LW-avf tS-tW']'.</msg>
<status status="PASS" starttime="20230505 15:24:10.211" endtime="20230505 15:24:11.921"/>
</kw>
<kw name="Click Element" library="RPA.Browser.Selenium">
<arg>//div[@class='dC']</arg>
<doc>Click the element identified by ``locator``.</doc>
<msg timestamp="20230505 15:24:11.922" level="INFO">Clicking element '//div[@class='dC']'.</msg>
<status status="PASS" starttime="20230505 15:24:11.922" endtime="20230505 15:24:13.008"/>
</kw>
<status status="PASS" starttime="20230505 15:23:58.618" endtime="20230505 15:24:13.010"/>
</test>
<status status="PASS" starttime="20230505 15:23:58.348" endtime="20230505 15:24:13.012"/>
</suite>
<statistics>
<total>
<stat pass="1" fail="0" skip="0">All Tasks</stat>
</total>
<tag>
</tag>
<suite>
<stat pass="1" fail="0" skip="0" id="s1" name="sendUI">sendUI</stat>
</suite>
</statistics>
<errors>
</errors>
</robot>
